[2024-07-12T01:27:27.500+0000] {processor.py:161} INFO - Started process (PID=30) to work on /opt/airflow/dags/etl.py
[2024-07-12T01:27:27.503+0000] {processor.py:830} INFO - Processing file /opt/airflow/dags/etl.py for tasks to queue
[2024-07-12T01:27:27.516+0000] {logging_mixin.py:188} INFO - [2024-07-12T01:27:27.514+0000] {dagbag.py:545} INFO - Filling up the DagBag from /opt/airflow/dags/etl.py
[2024-07-12T01:27:30.040+0000] {processor.py:840} INFO - DAG(s) 'market_etl' retrieved from /opt/airflow/dags/etl.py
[2024-07-12T01:27:30.245+0000] {logging_mixin.py:188} INFO - [2024-07-12T01:27:30.241+0000] {dag.py:3096} INFO - Sync 1 DAGs
[2024-07-12T01:27:30.355+0000] {logging_mixin.py:188} INFO - [2024-07-12T01:27:30.355+0000] {dag.py:3954} INFO - Setting next_dagrun for market_etl to 2024-07-11 06:15:00+00:00, run_after=2024-07-12 06:15:00+00:00
[2024-07-12T01:27:30.456+0000] {processor.py:183} INFO - Processing /opt/airflow/dags/etl.py took 2.971 seconds
[2024-07-12T01:28:01.058+0000] {processor.py:161} INFO - Started process (PID=38) to work on /opt/airflow/dags/etl.py
[2024-07-12T01:28:01.061+0000] {processor.py:830} INFO - Processing file /opt/airflow/dags/etl.py for tasks to queue
[2024-07-12T01:28:01.072+0000] {logging_mixin.py:188} INFO - [2024-07-12T01:28:01.071+0000] {dagbag.py:545} INFO - Filling up the DagBag from /opt/airflow/dags/etl.py
[2024-07-12T01:28:01.750+0000] {processor.py:840} INFO - DAG(s) 'market_etl' retrieved from /opt/airflow/dags/etl.py
[2024-07-12T01:28:01.807+0000] {logging_mixin.py:188} INFO - [2024-07-12T01:28:01.807+0000] {dag.py:3096} INFO - Sync 1 DAGs
[2024-07-12T01:28:01.821+0000] {logging_mixin.py:188} INFO - [2024-07-12T01:28:01.821+0000] {dag.py:3954} INFO - Setting next_dagrun for market_etl to 2024-07-11 06:15:00+00:00, run_after=2024-07-12 06:15:00+00:00
[2024-07-12T01:28:01.851+0000] {processor.py:183} INFO - Processing /opt/airflow/dags/etl.py took 0.819 seconds
[2024-07-12T01:28:32.266+0000] {processor.py:161} INFO - Started process (PID=46) to work on /opt/airflow/dags/etl.py
[2024-07-12T01:28:32.276+0000] {processor.py:830} INFO - Processing file /opt/airflow/dags/etl.py for tasks to queue
[2024-07-12T01:28:32.282+0000] {logging_mixin.py:188} INFO - [2024-07-12T01:28:32.282+0000] {dagbag.py:545} INFO - Filling up the DagBag from /opt/airflow/dags/etl.py
[2024-07-12T01:28:32.721+0000] {processor.py:840} INFO - DAG(s) 'market_etl' retrieved from /opt/airflow/dags/etl.py
[2024-07-12T01:28:32.755+0000] {logging_mixin.py:188} INFO - [2024-07-12T01:28:32.755+0000] {dag.py:3096} INFO - Sync 1 DAGs
[2024-07-12T01:28:32.770+0000] {logging_mixin.py:188} INFO - [2024-07-12T01:28:32.769+0000] {dag.py:3954} INFO - Setting next_dagrun for market_etl to 2024-07-11 06:15:00+00:00, run_after=2024-07-12 06:15:00+00:00
[2024-07-12T01:28:32.782+0000] {processor.py:183} INFO - Processing /opt/airflow/dags/etl.py took 0.542 seconds
[2024-07-12T01:29:03.097+0000] {processor.py:161} INFO - Started process (PID=54) to work on /opt/airflow/dags/etl.py
[2024-07-12T01:29:03.100+0000] {processor.py:830} INFO - Processing file /opt/airflow/dags/etl.py for tasks to queue
[2024-07-12T01:29:03.107+0000] {logging_mixin.py:188} INFO - [2024-07-12T01:29:03.106+0000] {dagbag.py:545} INFO - Filling up the DagBag from /opt/airflow/dags/etl.py
[2024-07-12T01:29:03.580+0000] {processor.py:840} INFO - DAG(s) 'market_etl' retrieved from /opt/airflow/dags/etl.py
[2024-07-12T01:29:03.615+0000] {logging_mixin.py:188} INFO - [2024-07-12T01:29:03.615+0000] {dag.py:3096} INFO - Sync 1 DAGs
[2024-07-12T01:29:03.629+0000] {logging_mixin.py:188} INFO - [2024-07-12T01:29:03.629+0000] {dag.py:3954} INFO - Setting next_dagrun for market_etl to 2024-07-11 06:15:00+00:00, run_after=2024-07-12 06:15:00+00:00
[2024-07-12T01:29:03.665+0000] {processor.py:183} INFO - Processing /opt/airflow/dags/etl.py took 0.590 seconds
[2024-07-12T01:29:33.931+0000] {processor.py:161} INFO - Started process (PID=62) to work on /opt/airflow/dags/etl.py
[2024-07-12T01:29:33.932+0000] {processor.py:830} INFO - Processing file /opt/airflow/dags/etl.py for tasks to queue
[2024-07-12T01:29:33.935+0000] {logging_mixin.py:188} INFO - [2024-07-12T01:29:33.935+0000] {dagbag.py:545} INFO - Filling up the DagBag from /opt/airflow/dags/etl.py
[2024-07-12T01:29:34.429+0000] {processor.py:840} INFO - DAG(s) 'market_etl' retrieved from /opt/airflow/dags/etl.py
[2024-07-12T01:29:34.451+0000] {logging_mixin.py:188} INFO - [2024-07-12T01:29:34.451+0000] {dag.py:3096} INFO - Sync 1 DAGs
[2024-07-12T01:29:34.464+0000] {logging_mixin.py:188} INFO - [2024-07-12T01:29:34.464+0000] {dag.py:3954} INFO - Setting next_dagrun for market_etl to 2024-07-11 06:15:00+00:00, run_after=2024-07-12 06:15:00+00:00
[2024-07-12T01:29:34.477+0000] {processor.py:183} INFO - Processing /opt/airflow/dags/etl.py took 0.558 seconds
[2024-07-12T01:30:04.816+0000] {processor.py:161} INFO - Started process (PID=70) to work on /opt/airflow/dags/etl.py
[2024-07-12T01:30:04.818+0000] {processor.py:830} INFO - Processing file /opt/airflow/dags/etl.py for tasks to queue
[2024-07-12T01:30:04.822+0000] {logging_mixin.py:188} INFO - [2024-07-12T01:30:04.821+0000] {dagbag.py:545} INFO - Filling up the DagBag from /opt/airflow/dags/etl.py
[2024-07-12T01:30:05.305+0000] {processor.py:840} INFO - DAG(s) 'market_etl' retrieved from /opt/airflow/dags/etl.py
[2024-07-12T01:30:05.412+0000] {logging_mixin.py:188} INFO - [2024-07-12T01:30:05.412+0000] {dag.py:3096} INFO - Sync 1 DAGs
[2024-07-12T01:30:05.427+0000] {logging_mixin.py:188} INFO - [2024-07-12T01:30:05.427+0000] {dag.py:3954} INFO - Setting next_dagrun for market_etl to 2024-07-11 06:15:00+00:00, run_after=2024-07-12 06:15:00+00:00
[2024-07-12T01:30:05.438+0000] {processor.py:183} INFO - Processing /opt/airflow/dags/etl.py took 0.645 seconds
[2024-07-12T01:30:35.788+0000] {processor.py:161} INFO - Started process (PID=78) to work on /opt/airflow/dags/etl.py
[2024-07-12T01:30:35.790+0000] {processor.py:830} INFO - Processing file /opt/airflow/dags/etl.py for tasks to queue
[2024-07-12T01:30:35.794+0000] {logging_mixin.py:188} INFO - [2024-07-12T01:30:35.793+0000] {dagbag.py:545} INFO - Filling up the DagBag from /opt/airflow/dags/etl.py
[2024-07-12T01:30:36.290+0000] {processor.py:840} INFO - DAG(s) 'market_etl' retrieved from /opt/airflow/dags/etl.py
[2024-07-12T01:30:36.440+0000] {logging_mixin.py:188} INFO - [2024-07-12T01:30:36.438+0000] {dag.py:3096} INFO - Sync 1 DAGs
[2024-07-12T01:30:36.521+0000] {logging_mixin.py:188} INFO - [2024-07-12T01:30:36.520+0000] {dag.py:3954} INFO - Setting next_dagrun for market_etl to 2024-07-11 06:15:00+00:00, run_after=2024-07-12 06:15:00+00:00
[2024-07-12T01:30:36.651+0000] {processor.py:183} INFO - Processing /opt/airflow/dags/etl.py took 0.885 seconds
[2024-07-12T01:31:07.307+0000] {processor.py:161} INFO - Started process (PID=86) to work on /opt/airflow/dags/etl.py
[2024-07-12T01:31:07.313+0000] {processor.py:830} INFO - Processing file /opt/airflow/dags/etl.py for tasks to queue
[2024-07-12T01:31:07.344+0000] {logging_mixin.py:188} INFO - [2024-07-12T01:31:07.343+0000] {dagbag.py:545} INFO - Filling up the DagBag from /opt/airflow/dags/etl.py
[2024-07-12T01:31:10.440+0000] {processor.py:840} INFO - DAG(s) 'market_etl' retrieved from /opt/airflow/dags/etl.py
[2024-07-12T01:31:10.891+0000] {logging_mixin.py:188} INFO - [2024-07-12T01:31:10.890+0000] {dag.py:3096} INFO - Sync 1 DAGs
[2024-07-12T01:31:10.934+0000] {logging_mixin.py:188} INFO - [2024-07-12T01:31:10.933+0000] {dag.py:3954} INFO - Setting next_dagrun for market_etl to 2024-07-11 06:15:00+00:00, run_after=2024-07-12 06:15:00+00:00
[2024-07-12T01:31:11.036+0000] {processor.py:183} INFO - Processing /opt/airflow/dags/etl.py took 3.694 seconds
[2024-07-12T01:31:41.956+0000] {processor.py:161} INFO - Started process (PID=94) to work on /opt/airflow/dags/etl.py
[2024-07-12T01:31:41.959+0000] {processor.py:830} INFO - Processing file /opt/airflow/dags/etl.py for tasks to queue
[2024-07-12T01:31:41.983+0000] {logging_mixin.py:188} INFO - [2024-07-12T01:31:41.979+0000] {dagbag.py:545} INFO - Filling up the DagBag from /opt/airflow/dags/etl.py
[2024-07-12T01:31:45.161+0000] {processor.py:840} INFO - DAG(s) 'market_etl' retrieved from /opt/airflow/dags/etl.py
[2024-07-12T01:31:45.545+0000] {logging_mixin.py:188} INFO - [2024-07-12T01:31:45.543+0000] {dag.py:3096} INFO - Sync 1 DAGs
[2024-07-12T01:31:45.729+0000] {logging_mixin.py:188} INFO - [2024-07-12T01:31:45.728+0000] {dag.py:3954} INFO - Setting next_dagrun for market_etl to 2024-07-11 06:15:00+00:00, run_after=2024-07-12 06:15:00+00:00
[2024-07-12T01:31:46.114+0000] {processor.py:183} INFO - Processing /opt/airflow/dags/etl.py took 4.238 seconds
[2024-07-12T01:32:16.641+0000] {processor.py:161} INFO - Started process (PID=107) to work on /opt/airflow/dags/etl.py
[2024-07-12T01:32:16.644+0000] {processor.py:830} INFO - Processing file /opt/airflow/dags/etl.py for tasks to queue
[2024-07-12T01:32:16.647+0000] {logging_mixin.py:188} INFO - [2024-07-12T01:32:16.647+0000] {dagbag.py:545} INFO - Filling up the DagBag from /opt/airflow/dags/etl.py
[2024-07-12T01:32:17.225+0000] {processor.py:840} INFO - DAG(s) 'market_etl' retrieved from /opt/airflow/dags/etl.py
[2024-07-12T01:32:17.264+0000] {logging_mixin.py:188} INFO - [2024-07-12T01:32:17.263+0000] {dag.py:3096} INFO - Sync 1 DAGs
[2024-07-12T01:32:17.296+0000] {logging_mixin.py:188} INFO - [2024-07-12T01:32:17.296+0000] {dag.py:3954} INFO - Setting next_dagrun for market_etl to 2024-07-11 06:15:00+00:00, run_after=2024-07-12 06:15:00+00:00
[2024-07-12T01:32:17.312+0000] {processor.py:183} INFO - Processing /opt/airflow/dags/etl.py took 0.697 seconds
[2024-07-12T01:32:47.447+0000] {processor.py:161} INFO - Started process (PID=115) to work on /opt/airflow/dags/etl.py
[2024-07-12T01:32:47.456+0000] {processor.py:830} INFO - Processing file /opt/airflow/dags/etl.py for tasks to queue
[2024-07-12T01:32:47.473+0000] {logging_mixin.py:188} INFO - [2024-07-12T01:32:47.469+0000] {dagbag.py:545} INFO - Filling up the DagBag from /opt/airflow/dags/etl.py
[2024-07-12T01:32:48.477+0000] {processor.py:840} INFO - DAG(s) 'market_etl' retrieved from /opt/airflow/dags/etl.py
[2024-07-12T01:32:48.573+0000] {logging_mixin.py:188} INFO - [2024-07-12T01:32:48.572+0000] {dag.py:3096} INFO - Sync 1 DAGs
[2024-07-12T01:32:48.614+0000] {logging_mixin.py:188} INFO - [2024-07-12T01:32:48.614+0000] {dag.py:3954} INFO - Setting next_dagrun for market_etl to 2024-07-11 06:15:00+00:00, run_after=2024-07-12 06:15:00+00:00
[2024-07-12T01:32:48.631+0000] {processor.py:183} INFO - Processing /opt/airflow/dags/etl.py took 1.219 seconds
[2024-07-12T01:35:37.253+0000] {processor.py:161} INFO - Started process (PID=58) to work on /opt/airflow/dags/etl.py
[2024-07-12T01:35:37.256+0000] {processor.py:830} INFO - Processing file /opt/airflow/dags/etl.py for tasks to queue
[2024-07-12T01:35:37.264+0000] {logging_mixin.py:188} INFO - [2024-07-12T01:35:37.263+0000] {dagbag.py:545} INFO - Filling up the DagBag from /opt/airflow/dags/etl.py
[2024-07-12T01:35:39.580+0000] {processor.py:840} INFO - DAG(s) 'market_etl' retrieved from /opt/airflow/dags/etl.py
[2024-07-12T01:35:39.919+0000] {logging_mixin.py:188} INFO - [2024-07-12T01:35:39.912+0000] {dag.py:3096} INFO - Sync 1 DAGs
[2024-07-12T01:35:40.118+0000] {logging_mixin.py:188} INFO - [2024-07-12T01:35:40.115+0000] {dag.py:3954} INFO - Setting next_dagrun for market_etl to 2024-07-11 06:15:00+00:00, run_after=2024-07-12 06:15:00+00:00
[2024-07-12T01:35:40.300+0000] {processor.py:183} INFO - Processing /opt/airflow/dags/etl.py took 3.072 seconds
[2024-07-12T01:41:20.138+0000] {processor.py:161} INFO - Started process (PID=52) to work on /opt/airflow/dags/etl.py
[2024-07-12T01:41:20.141+0000] {processor.py:830} INFO - Processing file /opt/airflow/dags/etl.py for tasks to queue
[2024-07-12T01:41:20.149+0000] {logging_mixin.py:188} INFO - [2024-07-12T01:41:20.148+0000] {dagbag.py:545} INFO - Filling up the DagBag from /opt/airflow/dags/etl.py
[2024-07-12T01:41:28.500+0000] {processor.py:840} INFO - DAG(s) 'market_etl' retrieved from /opt/airflow/dags/etl.py
[2024-07-12T01:41:29.596+0000] {logging_mixin.py:188} INFO - [2024-07-12T01:41:29.571+0000] {dag.py:3096} INFO - Sync 1 DAGs
[2024-07-12T01:41:30.026+0000] {logging_mixin.py:188} INFO - [2024-07-12T01:41:30.024+0000] {dag.py:3954} INFO - Setting next_dagrun for market_etl to 2024-07-11 06:15:00+00:00, run_after=2024-07-12 06:15:00+00:00
[2024-07-12T01:41:30.551+0000] {processor.py:183} INFO - Processing /opt/airflow/dags/etl.py took 10.424 seconds
[2024-07-12T01:42:01.671+0000] {processor.py:161} INFO - Started process (PID=60) to work on /opt/airflow/dags/etl.py
[2024-07-12T01:42:01.681+0000] {processor.py:830} INFO - Processing file /opt/airflow/dags/etl.py for tasks to queue
[2024-07-12T01:42:01.701+0000] {logging_mixin.py:188} INFO - [2024-07-12T01:42:01.700+0000] {dagbag.py:545} INFO - Filling up the DagBag from /opt/airflow/dags/etl.py
[2024-07-12T01:42:06.557+0000] {processor.py:840} INFO - DAG(s) 'market_etl' retrieved from /opt/airflow/dags/etl.py
[2024-07-12T01:42:07.098+0000] {logging_mixin.py:188} INFO - [2024-07-12T01:42:07.094+0000] {dag.py:3096} INFO - Sync 1 DAGs
[2024-07-12T01:42:07.215+0000] {logging_mixin.py:188} INFO - [2024-07-12T01:42:07.214+0000] {dag.py:3954} INFO - Setting next_dagrun for market_etl to 2024-07-11 06:15:00+00:00, run_after=2024-07-12 06:15:00+00:00
[2024-07-12T01:42:07.461+0000] {processor.py:183} INFO - Processing /opt/airflow/dags/etl.py took 5.831 seconds
[2024-07-12T01:42:37.748+0000] {processor.py:186} ERROR - Got an exception! Propagating...
Traceback (most recent call last):
  File "/usr/local/lib/python3.12/importlib/metadata/__init__.py", line 397, in from_name
StopIteration

During handling of the above exception, another exception occurred:

Traceback (most recent call last):
  File "/home/airflow/.local/lib/python3.12/site-packages/airflow/dag_processing/processor.py", line 182, in _run_file_processor
  File "/home/airflow/.local/lib/python3.12/site-packages/airflow/dag_processing/processor.py", line 154, in _handle_dag_file_processing
  File "/home/airflow/.local/lib/python3.12/site-packages/airflow/settings.py", line 251, in configure_orm
  File "/home/airflow/.local/lib/python3.12/site-packages/airflow/settings.py", line 352, in prepare_engine_args
  File "/home/airflow/.local/lib/python3.12/site-packages/airflow/utils/sqlalchemy.py", line 554, in is_sqlalchemy_v1
  File "/usr/local/lib/python3.12/importlib/metadata/__init__.py", line 889, in version
  File "/usr/local/lib/python3.12/importlib/metadata/__init__.py", line 862, in distribution
  File "/usr/local/lib/python3.12/importlib/metadata/__init__.py", line 399, in from_name
importlib.metadata.PackageNotFoundError: No package metadata was found for sqlalchemy
[2024-07-12T01:43:08.265+0000] {processor.py:186} ERROR - Got an exception! Propagating...
Traceback (most recent call last):
  File "/usr/local/lib/python3.12/importlib/metadata/__init__.py", line 397, in from_name
StopIteration

During handling of the above exception, another exception occurred:

Traceback (most recent call last):
  File "/home/airflow/.local/lib/python3.12/site-packages/airflow/dag_processing/processor.py", line 182, in _run_file_processor
  File "/home/airflow/.local/lib/python3.12/site-packages/airflow/dag_processing/processor.py", line 154, in _handle_dag_file_processing
  File "/home/airflow/.local/lib/python3.12/site-packages/airflow/settings.py", line 251, in configure_orm
  File "/home/airflow/.local/lib/python3.12/site-packages/airflow/settings.py", line 352, in prepare_engine_args
  File "/home/airflow/.local/lib/python3.12/site-packages/airflow/utils/sqlalchemy.py", line 554, in is_sqlalchemy_v1
  File "/usr/local/lib/python3.12/importlib/metadata/__init__.py", line 889, in version
  File "/usr/local/lib/python3.12/importlib/metadata/__init__.py", line 862, in distribution
  File "/usr/local/lib/python3.12/importlib/metadata/__init__.py", line 399, in from_name
importlib.metadata.PackageNotFoundError: No package metadata was found for sqlalchemy
