[2024-07-10T09:16:34.073+0000] {local_task_job_runner.py:120} INFO - ::group::Pre task execution logs
[2024-07-10T09:16:34.108+0000] {taskinstance.py:2076} INFO - Dependencies all met for dep_context=non-requeueable deps ti=<TaskInstance: market_etl.get_business_date scheduled__2024-07-03T06:15:00+00:00 [queued]>
[2024-07-10T09:16:34.152+0000] {taskinstance.py:2076} INFO - Dependencies all met for dep_context=requeueable deps ti=<TaskInstance: market_etl.get_business_date scheduled__2024-07-03T06:15:00+00:00 [queued]>
[2024-07-10T09:16:34.153+0000] {taskinstance.py:2306} INFO - Starting attempt 1 of 4
[2024-07-10T09:16:34.211+0000] {taskinstance.py:2330} INFO - Executing <Task(_PythonDecoratedOperator): get_business_date> on 2024-07-03 06:15:00+00:00
[2024-07-10T09:16:34.234+0000] {warnings.py:112} WARNING - /home/airflow/.local/lib/python3.12/site-packages/airflow/task/task_runner/standard_task_runner.py:61: DeprecationWarning: This process (pid=813) is multi-threaded, use of fork() may lead to deadlocks in the child.
  pid = os.fork()

[2024-07-10T09:16:34.245+0000] {standard_task_runner.py:90} INFO - Running: ['airflow', 'tasks', 'run', 'market_etl', 'get_business_date', 'scheduled__2024-07-03T06:15:00+00:00', '--job-id', '359', '--raw', '--subdir', 'DAGS_FOLDER/etl.py', '--cfg-path', '/tmp/tmp14tem1to']
[2024-07-10T09:16:34.251+0000] {standard_task_runner.py:91} INFO - Job 359: Subtask get_business_date
[2024-07-10T09:16:34.249+0000] {standard_task_runner.py:63} INFO - Started process 824 to run task
[2024-07-10T09:16:34.387+0000] {task_command.py:426} INFO - Running <TaskInstance: market_etl.get_business_date scheduled__2024-07-03T06:15:00+00:00 [running]> on host 514b016b59c3
[2024-07-10T09:16:34.813+0000] {taskinstance.py:2648} INFO - Exporting env vars: AIRFLOW_CTX_DAG_OWNER='airflow' AIRFLOW_CTX_DAG_ID='market_etl' AIRFLOW_CTX_TASK_ID='get_business_date' AIRFLOW_CTX_EXECUTION_DATE='2024-07-03T06:15:00+00:00' AIRFLOW_CTX_TRY_NUMBER='1' AIRFLOW_CTX_DAG_RUN_ID='scheduled__2024-07-03T06:15:00+00:00'
[2024-07-10T09:16:34.815+0000] {taskinstance.py:430} INFO - ::endgroup::
[2024-07-10T09:16:34.817+0000] {python.py:237} INFO - Done. Returned value was: 2024-07-09
[2024-07-10T09:16:34.817+0000] {taskinstance.py:441} INFO - ::group::Post task execution logs
[2024-07-10T09:16:34.843+0000] {taskinstance.py:1206} INFO - Marking task as SUCCESS. dag_id=market_etl, task_id=get_business_date, run_id=scheduled__2024-07-03T06:15:00+00:00, execution_date=20240703T061500, start_date=20240710T091634, end_date=20240710T091634
[2024-07-10T09:16:34.901+0000] {local_task_job_runner.py:240} INFO - Task exited with return code 0
[2024-07-10T09:16:34.936+0000] {local_task_job_runner.py:222} INFO - ::endgroup::
[2024-07-10T09:55:18.841+0000] {local_task_job_runner.py:120} INFO - ::group::Pre task execution logs
[2024-07-10T09:55:18.868+0000] {taskinstance.py:2076} INFO - Dependencies all met for dep_context=non-requeueable deps ti=<TaskInstance: market_etl.get_business_date scheduled__2024-07-03T06:15:00+00:00 [queued]>
[2024-07-10T09:55:18.887+0000] {taskinstance.py:2076} INFO - Dependencies all met for dep_context=requeueable deps ti=<TaskInstance: market_etl.get_business_date scheduled__2024-07-03T06:15:00+00:00 [queued]>
[2024-07-10T09:55:18.889+0000] {taskinstance.py:2306} INFO - Starting attempt 1 of 4
[2024-07-10T09:55:18.924+0000] {taskinstance.py:2330} INFO - Executing <Task(_PythonDecoratedOperator): get_business_date> on 2024-07-03 06:15:00+00:00
[2024-07-10T09:55:18.978+0000] {warnings.py:112} WARNING - /home/airflow/.local/lib/python3.12/site-packages/airflow/task/task_runner/standard_task_runner.py:61: DeprecationWarning: This process (pid=812) is multi-threaded, use of fork() may lead to deadlocks in the child.
  pid = os.fork()

[2024-07-10T09:55:18.986+0000] {standard_task_runner.py:63} INFO - Started process 818 to run task
[2024-07-10T09:55:18.986+0000] {standard_task_runner.py:90} INFO - Running: ['airflow', 'tasks', 'run', 'market_etl', 'get_business_date', 'scheduled__2024-07-03T06:15:00+00:00', '--job-id', '607', '--raw', '--subdir', 'DAGS_FOLDER/etl.py', '--cfg-path', '/tmp/tmpzmu3ib7x']
[2024-07-10T09:55:18.994+0000] {standard_task_runner.py:91} INFO - Job 607: Subtask get_business_date
[2024-07-10T09:55:19.128+0000] {task_command.py:426} INFO - Running <TaskInstance: market_etl.get_business_date scheduled__2024-07-03T06:15:00+00:00 [running]> on host 514b016b59c3
[2024-07-10T09:55:19.544+0000] {taskinstance.py:2648} INFO - Exporting env vars: AIRFLOW_CTX_DAG_OWNER='airflow' AIRFLOW_CTX_DAG_ID='market_etl' AIRFLOW_CTX_TASK_ID='get_business_date' AIRFLOW_CTX_EXECUTION_DATE='2024-07-03T06:15:00+00:00' AIRFLOW_CTX_TRY_NUMBER='1' AIRFLOW_CTX_DAG_RUN_ID='scheduled__2024-07-03T06:15:00+00:00'
[2024-07-10T09:55:19.547+0000] {taskinstance.py:430} INFO - ::endgroup::
[2024-07-10T09:55:19.549+0000] {python.py:237} INFO - Done. Returned value was: <bound method Timestamp.date of Timestamp('2024-07-09 00:00:00')>
[2024-07-10T09:55:19.550+0000] {taskinstance.py:441} INFO - ::group::Post task execution logs
[2024-07-10T09:55:19.561+0000] {xcom.py:675} ERROR - Object of type method is not JSON serializable. If you are using pickle instead of JSON for XCom, then you need to enable pickle support for XCom in your airflow config or make sure to decorate your object with attr.
[2024-07-10T09:55:19.564+0000] {taskinstance.py:2905} ERROR - Task failed with exception
Traceback (most recent call last):
  File "/home/airflow/.local/lib/python3.12/site-packages/airflow/utils/json.py", line 91, in default
    return serialize(o)
           ^^^^^^^^^^^^
  File "/home/airflow/.local/lib/python3.12/site-packages/airflow/serialization/serde.py", line 189, in serialize
    raise TypeError(f"cannot serialize object of type {cls}")
TypeError: cannot serialize object of type <class 'method'>

During handling of the above exception, another exception occurred:

Traceback (most recent call last):
  File "/home/airflow/.local/lib/python3.12/site-packages/airflow/models/taskinstance.py", line 486, in _execute_task
    task_instance.xcom_push(key=XCOM_RETURN_KEY, value=xcom_value, session=session)
  File "/home/airflow/.local/lib/python3.12/site-packages/airflow/utils/session.py", line 76, in wrapper
    return func(*args, **kwargs)
           ^^^^^^^^^^^^^^^^^^^^^
  File "/home/airflow/.local/lib/python3.12/site-packages/airflow/models/taskinstance.py", line 3197, in xcom_push
    XCom.set(
  File "/home/airflow/.local/lib/python3.12/site-packages/airflow/utils/session.py", line 76, in wrapper
    return func(*args, **kwargs)
           ^^^^^^^^^^^^^^^^^^^^^
  File "/home/airflow/.local/lib/python3.12/site-packages/airflow/models/xcom.py", line 246, in set
    value = cls.serialize_value(
            ^^^^^^^^^^^^^^^^^^^^
  File "/home/airflow/.local/lib/python3.12/site-packages/airflow/models/xcom.py", line 673, in serialize_value
    return json.dumps(value, cls=XComEncoder).encode("UTF-8")
           ^^^^^^^^^^^^^^^^^^^^^^^^^^^^^^^^^^
  File "/usr/local/lib/python3.12/json/__init__.py", line 238, in dumps
    **kw).encode(obj)
          ^^^^^^^^^^^
  File "/home/airflow/.local/lib/python3.12/site-packages/airflow/utils/json.py", line 104, in encode
    return super().encode(o)
           ^^^^^^^^^^^^^^^^^
  File "/usr/local/lib/python3.12/json/encoder.py", line 200, in encode
    chunks = self.iterencode(o, _one_shot=True)
             ^^^^^^^^^^^^^^^^^^^^^^^^^^^^^^^^^^
  File "/usr/local/lib/python3.12/json/encoder.py", line 258, in iterencode
    return _iterencode(o, 0)
           ^^^^^^^^^^^^^^^^^
  File "/home/airflow/.local/lib/python3.12/site-packages/airflow/utils/json.py", line 93, in default
    return super().default(o)
           ^^^^^^^^^^^^^^^^^^
  File "/usr/local/lib/python3.12/json/encoder.py", line 180, in default
    raise TypeError(f'Object of type {o.__class__.__name__} '
TypeError: Object of type method is not JSON serializable
[2024-07-10T09:55:19.598+0000] {taskinstance.py:1206} INFO - Marking task as UP_FOR_RETRY. dag_id=market_etl, task_id=get_business_date, run_id=scheduled__2024-07-03T06:15:00+00:00, execution_date=20240703T061500, start_date=20240710T095518, end_date=20240710T095519
[2024-07-10T09:55:19.633+0000] {standard_task_runner.py:110} ERROR - Failed to execute job 607 for task get_business_date (Object of type method is not JSON serializable; 818)
[2024-07-10T09:55:19.666+0000] {local_task_job_runner.py:240} INFO - Task exited with return code 1
[2024-07-10T09:55:19.722+0000] {taskinstance.py:3503} INFO - 0 downstream tasks scheduled from follow-on schedule check
[2024-07-10T09:55:19.724+0000] {local_task_job_runner.py:222} INFO - ::endgroup::
[2024-07-10T11:37:28.912+0000] {local_task_job_runner.py:120} INFO - ::group::Pre task execution logs
[2024-07-10T11:37:28.949+0000] {taskinstance.py:2076} INFO - Dependencies all met for dep_context=non-requeueable deps ti=<TaskInstance: market_etl.get_business_date scheduled__2024-07-03T06:15:00+00:00 [queued]>
[2024-07-10T11:37:28.965+0000] {taskinstance.py:2076} INFO - Dependencies all met for dep_context=requeueable deps ti=<TaskInstance: market_etl.get_business_date scheduled__2024-07-03T06:15:00+00:00 [queued]>
[2024-07-10T11:37:28.967+0000] {taskinstance.py:2306} INFO - Starting attempt 1 of 4
[2024-07-10T11:37:28.996+0000] {taskinstance.py:2330} INFO - Executing <Task(_PythonDecoratedOperator): get_business_date> on 2024-07-03 06:15:00+00:00
[2024-07-10T11:37:29.076+0000] {warnings.py:112} WARNING - /home/airflow/.local/lib/python3.12/site-packages/airflow/task/task_runner/standard_task_runner.py:61: DeprecationWarning: This process (pid=934) is multi-threaded, use of fork() may lead to deadlocks in the child.
  pid = os.fork()

[2024-07-10T11:37:29.081+0000] {standard_task_runner.py:63} INFO - Started process 938 to run task
[2024-07-10T11:37:29.086+0000] {standard_task_runner.py:90} INFO - Running: ['airflow', 'tasks', 'run', 'market_etl', 'get_business_date', 'scheduled__2024-07-03T06:15:00+00:00', '--job-id', '762', '--raw', '--subdir', 'DAGS_FOLDER/etl.py', '--cfg-path', '/tmp/tmpthjlz7aj']
[2024-07-10T11:37:29.096+0000] {standard_task_runner.py:91} INFO - Job 762: Subtask get_business_date
[2024-07-10T11:37:29.243+0000] {task_command.py:426} INFO - Running <TaskInstance: market_etl.get_business_date scheduled__2024-07-03T06:15:00+00:00 [running]> on host 514b016b59c3
[2024-07-10T11:37:29.796+0000] {taskinstance.py:2648} INFO - Exporting env vars: AIRFLOW_CTX_DAG_OWNER='airflow' AIRFLOW_CTX_DAG_ID='market_etl' AIRFLOW_CTX_TASK_ID='get_business_date' AIRFLOW_CTX_EXECUTION_DATE='2024-07-03T06:15:00+00:00' AIRFLOW_CTX_TRY_NUMBER='1' AIRFLOW_CTX_DAG_RUN_ID='scheduled__2024-07-03T06:15:00+00:00'
[2024-07-10T11:37:29.800+0000] {taskinstance.py:430} INFO - ::endgroup::
[2024-07-10T11:37:29.804+0000] {python.py:237} INFO - Done. Returned value was: 2024-07-09
[2024-07-10T11:37:29.806+0000] {taskinstance.py:441} INFO - ::group::Post task execution logs
[2024-07-10T11:37:29.878+0000] {taskinstance.py:1206} INFO - Marking task as SUCCESS. dag_id=market_etl, task_id=get_business_date, run_id=scheduled__2024-07-03T06:15:00+00:00, execution_date=20240703T061500, start_date=20240710T113728, end_date=20240710T113729
[2024-07-10T11:37:29.938+0000] {local_task_job_runner.py:240} INFO - Task exited with return code 0
[2024-07-10T11:37:30.037+0000] {taskinstance.py:3503} INFO - 2 downstream tasks scheduled from follow-on schedule check
[2024-07-10T11:37:30.040+0000] {local_task_job_runner.py:222} INFO - ::endgroup::
[2024-07-11T08:20:30.446+0000] {local_task_job_runner.py:120} INFO - ::group::Pre task execution logs
[2024-07-11T08:20:30.478+0000] {taskinstance.py:2076} INFO - Dependencies all met for dep_context=non-requeueable deps ti=<TaskInstance: market_etl.get_business_date scheduled__2024-07-03T06:15:00+00:00 [queued]>
[2024-07-11T08:20:30.491+0000] {taskinstance.py:2076} INFO - Dependencies all met for dep_context=requeueable deps ti=<TaskInstance: market_etl.get_business_date scheduled__2024-07-03T06:15:00+00:00 [queued]>
[2024-07-11T08:20:30.492+0000] {taskinstance.py:2306} INFO - Starting attempt 1 of 4
[2024-07-11T08:20:30.525+0000] {taskinstance.py:2330} INFO - Executing <Task(_PythonDecoratedOperator): get_business_date> on 2024-07-03 06:15:00+00:00
[2024-07-11T08:20:30.533+0000] {warnings.py:112} WARNING - /home/airflow/.local/lib/python3.12/site-packages/airflow/task/task_runner/standard_task_runner.py:61: DeprecationWarning: This process (pid=889) is multi-threaded, use of fork() may lead to deadlocks in the child.
  pid = os.fork()

[2024-07-11T08:20:30.534+0000] {standard_task_runner.py:63} INFO - Started process 896 to run task
[2024-07-11T08:20:30.534+0000] {standard_task_runner.py:90} INFO - Running: ['airflow', 'tasks', 'run', 'market_etl', 'get_business_date', 'scheduled__2024-07-03T06:15:00+00:00', '--job-id', '1162', '--raw', '--subdir', 'DAGS_FOLDER/etl.py', '--cfg-path', '/tmp/tmpwe9fl408']
[2024-07-11T08:20:30.537+0000] {standard_task_runner.py:91} INFO - Job 1162: Subtask get_business_date
[2024-07-11T08:20:30.591+0000] {task_command.py:426} INFO - Running <TaskInstance: market_etl.get_business_date scheduled__2024-07-03T06:15:00+00:00 [running]> on host aa283b53dd54
[2024-07-11T08:20:30.784+0000] {taskinstance.py:2648} INFO - Exporting env vars: AIRFLOW_CTX_DAG_OWNER='airflow' AIRFLOW_CTX_DAG_ID='market_etl' AIRFLOW_CTX_TASK_ID='get_business_date' AIRFLOW_CTX_EXECUTION_DATE='2024-07-03T06:15:00+00:00' AIRFLOW_CTX_TRY_NUMBER='1' AIRFLOW_CTX_DAG_RUN_ID='scheduled__2024-07-03T06:15:00+00:00'
[2024-07-11T08:20:30.785+0000] {taskinstance.py:430} INFO - ::endgroup::
[2024-07-11T08:20:30.786+0000] {python.py:237} INFO - Done. Returned value was: 2024-07-10
[2024-07-11T08:20:30.787+0000] {taskinstance.py:441} INFO - ::group::Post task execution logs
[2024-07-11T08:20:30.810+0000] {taskinstance.py:1206} INFO - Marking task as SUCCESS. dag_id=market_etl, task_id=get_business_date, run_id=scheduled__2024-07-03T06:15:00+00:00, execution_date=20240703T061500, start_date=20240711T082030, end_date=20240711T082030
[2024-07-11T08:20:30.879+0000] {local_task_job_runner.py:240} INFO - Task exited with return code 0
[2024-07-11T08:20:30.893+0000] {local_task_job_runner.py:222} INFO - ::endgroup::
